{"level":"error","timestamp":"2023-10-23T15:55:59.062Z"}
{"level":"error","timestamp":"2023-10-23T15:56:02.142Z"}
{"level":"error","message":"This is a test error","timestamp":"2023-10-23T15:56:13.517Z"}
{"level":"error","message":"This is a test error","timestamp":"2023-10-23T15:56:15.303Z"}
{"level":"error","message":"This is a test error","timestamp":"2023-10-23T15:57:50.473Z"}
{"level":"error","message":"This is a test error","timestamp":"2023-10-23T15:57:51.182Z"}
{"level":"error","message":"This is a test error","timestamp":"2023-10-23T15:57:54.499Z"}
{"level":"error","message":"E11000 duplicate key error collection: test.users index: email_1 dup key: { email: \"john3errereree33342211@email.com\" }","timestamp":"2023-10-23T15:59:31.625Z"}
{"level":"error","message":"E11000 duplicate key error collection: test.users index: email_1 dup key: { email: \"john3errereree33342211@email.com\" }","timestamp":"2023-10-23T15:59:34.036Z"}
{"level":"error","message":"Incorrect email or password","timestamp":"2023-10-23T16:00:12.975Z"}
{"level":"error","message":"Incorrect email or password","timestamp":"2023-10-23T16:00:14.613Z"}
{"level":"error","message":"Not Found route - /twojastara","timestamp":"2023-10-23T16:00:22.014Z"}
{"level":"error","message":"Not Found route - /twojastara","timestamp":"2023-10-23T16:00:23.346Z"}
{"level":"error","message":"This is a test error","timestamp":"2023-10-23T16:00:25.188Z"}
{"level":"error","message":"User validation failed: password: Password must be at least 6 characters long","timestamp":"2023-10-23T16:10:56.483Z"}
{"level":"error","message":"E11000 duplicate key error collection: test.users index: email_1 dup key: { email: \"john3erre33reree33342211@email.com\" }","timestamp":"2023-10-23T16:11:09.790Z"}
{"level":"error","message":"E11000 duplicate key error collection: test.users index: email_1 dup key: { email: \"john3erre33reree33342211@email.com\" }","timestamp":"2023-10-23T16:12:46.535Z"}
{"level":"error","message":"E11000 duplicate key error collection: test.users index: email_1 dup key: { email: \"john3erre33reree33342211@email.com\" }","timestamp":"2023-10-23T16:12:47.519Z"}
{"level":"error","message":"E11000 duplicate key error collection: test.users index: email_1 dup key: { email: \"john3erre33reree33342211@email.com\" }","timestamp":"2023-10-23T16:12:51.960Z"}
{"level":"error","message":"E11000 duplicate key error collection: test.users index: email_1 dup key: { email: \"john3erre33reree33342211@email.com\" }","timestamp":"2023-10-23T16:12:52.500Z"}
{"level":"error","message":"Operation `users.findOne()` buffering timed out after 10000ms","timestamp":"2023-10-23T19:18:45.602Z"}
{"level":"error","message":"\nInvalid `prisma.user.findUnique()` invocation in\n/Users/filipalberski/Documents/taskify2/server/src/controllers/authController.ts:73:36\n\n  70   throw new CustomError('Please provide email and password', 400);\n  71 }\n  72 \n→ 73 const user = await prisma.user.findUnique(\nThe table `public.User` does not exist in the current database.","timestamp":"2023-10-23T19:19:51.017Z"}
{"level":"error","message":"\nInvalid `prisma.user.findUnique()` invocation in\n/Users/filipalberski/Documents/taskify2/server/src/controllers/authController.ts:73:36\n\n  70   throw new CustomError('Please provide email and password', 400);\n  71 }\n  72 \n→ 73 const user = await prisma.user.findUnique(\nThe table `public.User` does not exist in the current database.","timestamp":"2023-10-23T19:19:57.456Z"}
{"level":"error","message":"\nInvalid `prisma.user.create()` invocation in\n/Users/filipalberski/Documents/taskify2/server/src/controllers/authController.ts:24:39\n\n  21   );\n  22 }\n  23 \n→ 24 const newUser = await prisma.user.create(\nThe table `public.User` does not exist in the current database.","timestamp":"2023-10-23T19:20:00.028Z"}
